<?xml version="1.0" encoding="UTF-8"?>
<!-- Generated by org.testng.reporters.JUnitReportReporter -->
<testsuite skipped="0" hostname="DESKTOP-NMGIDU2" name="test.NewTest" tests="1" failures="0" timestamp="03 Feb 2020 18:43:46 GMT" time="2.540" errors="0">
  <testcase name="CompareTable" time="2.540" classname="test.NewTest"/>
</testsuite> <!-- test.NewTest -->
